nohup: ignoring input

Collecting usage statistics. To deactivate, set browser.gatherUsageStats to false.


  You can now view your Streamlit app in your browser.

  Local URL: http://localhost:8502
  Network URL: http://10.3.1.246:8502
  External URL: http://43.156.67.61:8502

[ WARN:0@27125.514] global cap_v4l.cpp:914 open VIDEOIO(V4L2:/dev/video0): can't open camera by index
[ WARN:0@27125.563] global cap.cpp:438 open VIDEOIO(FFMPEG): raised OpenCV exception:

OpenCV(4.13.0) /io/opencv/modules/videoio/src/cap_ffmpeg_impl.hpp:1220: error: (-2:Unspecified error) in function 'bool CvCapture_FFMPEG::open(const char*, int, const cv::Ptr<cv::IStreamReader>&, const cv::VideoCaptureParameters&)'
> VIDEOIO/FFMPEG: Camera index out of range (expected: 'index < device_list->nb_devices'), where
>     'index' is 0
> must be less than
>     'device_list->nb_devices' is 0


[ERROR:0@27125.565] global obsensor_uvc_stream_channel.cpp:163 getStreamChannelGroup Camera index out of range
[ WARN:0@27125.567] global cap_v4l.cpp:914 open VIDEOIO(V4L2:/dev/video1): can't open camera by index
[ WARN:0@27125.567] global cap.cpp:438 open VIDEOIO(FFMPEG): raised OpenCV exception:

OpenCV(4.13.0) /io/opencv/modules/videoio/src/cap_ffmpeg_impl.hpp:1220: error: (-2:Unspecified error) in function 'bool CvCapture_FFMPEG::open(const char*, int, const cv::Ptr<cv::IStreamReader>&, const cv::VideoCaptureParameters&)'
> VIDEOIO/FFMPEG: Camera index out of range (expected: 'index < device_list->nb_devices'), where
>     'index' is 1
> must be less than
>     'device_list->nb_devices' is 0


[ERROR:0@27125.567] global obsensor_uvc_stream_channel.cpp:163 getStreamChannelGroup Camera index out of range
[ WARN:0@27125.568] global cap_v4l.cpp:914 open VIDEOIO(V4L2:/dev/video2): can't open camera by index
[ WARN:0@27125.569] global cap.cpp:438 open VIDEOIO(FFMPEG): raised OpenCV exception:

OpenCV(4.13.0) /io/opencv/modules/videoio/src/cap_ffmpeg_impl.hpp:1220: error: (-2:Unspecified error) in function 'bool CvCapture_FFMPEG::open(const char*, int, const cv::Ptr<cv::IStreamReader>&, const cv::VideoCaptureParameters&)'
> VIDEOIO/FFMPEG: Camera index out of range (expected: 'index < device_list->nb_devices'), where
>     'index' is 2
> must be less than
>     'device_list->nb_devices' is 0


[ERROR:0@27125.569] global obsensor_uvc_stream_channel.cpp:163 getStreamChannelGroup Camera index out of range
[ WARN:0@27125.569] global cap_v4l.cpp:914 open VIDEOIO(V4L2:/dev/video3): can't open camera by index
[ WARN:0@27125.569] global cap.cpp:438 open VIDEOIO(FFMPEG): raised OpenCV exception:

OpenCV(4.13.0) /io/opencv/modules/videoio/src/cap_ffmpeg_impl.hpp:1220: error: (-2:Unspecified error) in function 'bool CvCapture_FFMPEG::open(const char*, int, const cv::Ptr<cv::IStreamReader>&, const cv::VideoCaptureParameters&)'
> VIDEOIO/FFMPEG: Camera index out of range (expected: 'index < device_list->nb_devices'), where
>     'index' is 3
> must be less than
>     'device_list->nb_devices' is 0


[ERROR:0@27125.569] global obsensor_uvc_stream_channel.cpp:163 getStreamChannelGroup Camera index out of range
[ WARN:0@27125.569] global cap_v4l.cpp:914 open VIDEOIO(V4L2:/dev/video4): can't open camera by index
[ WARN:0@27125.569] global cap.cpp:438 open VIDEOIO(FFMPEG): raised OpenCV exception:

OpenCV(4.13.0) /io/opencv/modules/videoio/src/cap_ffmpeg_impl.hpp:1220: error: (-2:Unspecified error) in function 'bool CvCapture_FFMPEG::open(const char*, int, const cv::Ptr<cv::IStreamReader>&, const cv::VideoCaptureParameters&)'
> VIDEOIO/FFMPEG: Camera index out of range (expected: 'index < device_list->nb_devices'), where
>     'index' is 4
> must be less than
>     'device_list->nb_devices' is 0


[ERROR:0@27125.569] global obsensor_uvc_stream_channel.cpp:163 getStreamChannelGroup Camera index out of range
2026-04-19 14:56:43.158 Please replace `use_container_width` with `width`.

`use_container_width` will be removed after 2025-12-31.

For `use_container_width=True`, use `width='stretch'`. For `use_container_width=False`, use `width='content'`.
2026-04-19 14:56:43.180 Please replace `use_container_width` with `width`.

`use_container_width` will be removed after 2025-12-31.

For `use_container_width=True`, use `width='stretch'`. For `use_container_width=False`, use `width='content'`.
2026-04-19 14:56:43.186 Please replace `use_container_width` with `width`.

`use_container_width` will be removed after 2025-12-31.

For `use_container_width=True`, use `width='stretch'`. For `use_container_width=False`, use `width='content'`.
2026-04-19 14:56:43.187 Please replace `use_container_width` with `width`.

`use_container_width` will be removed after 2025-12-31.

For `use_container_width=True`, use `width='stretch'`. For `use_container_width=False`, use `width='content'`.
2026-04-19 14:56:43.188 Please replace `use_container_width` with `width`.

`use_container_width` will be removed after 2025-12-31.

For `use_container_width=True`, use `width='stretch'`. For `use_container_width=False`, use `width='content'`.
2026-04-19 14:56:43.190 Please replace `use_container_width` with `width`.

`use_container_width` will be removed after 2025-12-31.

For `use_container_width=True`, use `width='stretch'`. For `use_container_width=False`, use `width='content'`.
2026-04-19 14:56:43.191 Please replace `use_container_width` with `width`.

`use_container_width` will be removed after 2025-12-31.

For `use_container_width=True`, use `width='stretch'`. For `use_container_width=False`, use `width='content'`.
2026-04-19 14:56:43.193 Please replace `use_container_width` with `width`.

`use_container_width` will be removed after 2025-12-31.

For `use_container_width=True`, use `width='stretch'`. For `use_container_width=False`, use `width='content'`.
2026-04-19 14:56:43.194 Please replace `use_container_width` with `width`.

`use_container_width` will be removed after 2025-12-31.

For `use_container_width=True`, use `width='stretch'`. For `use_container_width=False`, use `width='content'`.
2026-04-19 14:56:43.195 Please replace `use_container_width` with `width`.

`use_container_width` will be removed after 2025-12-31.

For `use_container_width=True`, use `width='stretch'`. For `use_container_width=False`, use `width='content'`.
2026-04-19 14:56:43.196 Please replace `use_container_width` with `width`.

`use_container_width` will be removed after 2025-12-31.

For `use_container_width=True`, use `width='stretch'`. For `use_container_width=False`, use `width='content'`.
2026-04-19 14:56:43.197 Please replace `use_container_width` with `width`.

`use_container_width` will be removed after 2025-12-31.

For `use_container_width=True`, use `width='stretch'`. For `use_container_width=False`, use `width='content'`.
2026-04-19 14:56:43.202 Please replace `use_container_width` with `width`.

`use_container_width` will be removed after 2025-12-31.

For `use_container_width=True`, use `width='stretch'`. For `use_container_width=False`, use `width='content'`.
2026-04-19 14:56:43.205 Please replace `use_container_width` with `width`.

`use_container_width` will be removed after 2025-12-31.

For `use_container_width=True`, use `width='stretch'`. For `use_container_width=False`, use `width='content'`.
2026-04-19 14:56:43.208 Please replace `use_container_width` with `width`.

`use_container_width` will be removed after 2025-12-31.

For `use_container_width=True`, use `width='stretch'`. For `use_container_width=False`, use `width='content'`.
2026-04-19 14:56:43.209 Please replace `use_container_width` with `width`.

`use_container_width` will be removed after 2025-12-31.

For `use_container_width=True`, use `width='stretch'`. For `use_container_width=False`, use `width='content'`.
2026-04-19 14:56:43.210 Please replace `use_container_width` with `width`.

`use_container_width` will be removed after 2025-12-31.

For `use_container_width=True`, use `width='stretch'`. For `use_container_width=False`, use `width='content'`.
2026-04-19 14:56:43.213 Please replace `use_container_width` with `width`.

`use_container_width` will be removed after 2025-12-31.

For `use_container_width=True`, use `width='stretch'`. For `use_container_width=False`, use `width='content'`.
2026-04-19 14:56:43.215 Please replace `use_container_width` with `width`.

`use_container_width` will be removed after 2025-12-31.

For `use_container_width=True`, use `width='stretch'`. For `use_container_width=False`, use `width='content'`.
2026-04-19 14:56:43.218 Please replace `use_container_width` with `width`.

`use_container_width` will be removed after 2025-12-31.

For `use_container_width=True`, use `width='stretch'`. For `use_container_width=False`, use `width='content'`.
2026-04-19 14:56:43.219 Please replace `use_container_width` with `width`.

`use_container_width` will be removed after 2025-12-31.

For `use_container_width=True`, use `width='stretch'`. For `use_container_width=False`, use `width='content'`.
2026-04-19 14:56:43.221 Please replace `use_container_width` with `width`.

`use_container_width` will be removed after 2025-12-31.

For `use_container_width=True`, use `width='stretch'`. For `use_container_width=False`, use `width='content'`.
2026-04-19 14:56:43.222 Please replace `use_container_width` with `width`.

`use_container_width` will be removed after 2025-12-31.

For `use_container_width=True`, use `width='stretch'`. For `use_container_width=False`, use `width='content'`.
2026-04-19 14:56:43.223 Please replace `use_container_width` with `width`.

`use_container_width` will be removed after 2025-12-31.

For `use_container_width=True`, use `width='stretch'`. For `use_container_width=False`, use `width='content'`.
2026-04-19 14:56:43.224 Please replace `use_container_width` with `width`.

`use_container_width` will be removed after 2025-12-31.

For `use_container_width=True`, use `width='stretch'`. For `use_container_width=False`, use `width='content'`.
2026-04-19 14:56:43.224 Please replace `use_container_width` with `width`.

`use_container_width` will be removed after 2025-12-31.

For `use_container_width=True`, use `width='stretch'`. For `use_container_width=False`, use `width='content'`.
2026-04-19 14:56:43.227 Please replace `use_container_width` with `width`.

`use_container_width` will be removed after 2025-12-31.

For `use_container_width=True`, use `width='stretch'`. For `use_container_width=False`, use `width='content'`.
2026-04-19 14:56:43.231 Please replace `use_container_width` with `width`.

`use_container_width` will be removed after 2025-12-31.

For `use_container_width=True`, use `width='stretch'`. For `use_container_width=False`, use `width='content'`.
2026-04-19 14:56:43.236 Please replace `use_container_width` with `width`.

`use_container_width` will be removed after 2025-12-31.

For `use_container_width=True`, use `width='stretch'`. For `use_container_width=False`, use `width='content'`.
2026-04-19 14:56:43.238 Please replace `use_container_width` with `width`.

`use_container_width` will be removed after 2025-12-31.

For `use_container_width=True`, use `width='stretch'`. For `use_container_width=False`, use `width='content'`.
2026-04-19 14:56:43.240 Please replace `use_container_width` with `width`.

`use_container_width` will be removed after 2025-12-31.

For `use_container_width=True`, use `width='stretch'`. For `use_container_width=False`, use `width='content'`.
2026-04-19 14:56:43.241 Please replace `use_container_width` with `width`.

`use_container_width` will be removed after 2025-12-31.

For `use_container_width=True`, use `width='stretch'`. For `use_container_width=False`, use `width='content'`.
2026-04-19 14:56:43.243 Please replace `use_container_width` with `width`.

`use_container_width` will be removed after 2025-12-31.

For `use_container_width=True`, use `width='stretch'`. For `use_container_width=False`, use `width='content'`.
2026-04-19 14:56:43.244 Please replace `use_container_width` with `width`.

`use_container_width` will be removed after 2025-12-31.

For `use_container_width=True`, use `width='stretch'`. For `use_container_width=False`, use `width='content'`.
2026-04-19 14:56:43.245 Please replace `use_container_width` with `width`.

`use_container_width` will be removed after 2025-12-31.

For `use_container_width=True`, use `width='stretch'`. For `use_container_width=False`, use `width='content'`.
2026-04-19 14:56:43.246 Please replace `use_container_width` with `width`.

`use_container_width` will be removed after 2025-12-31.

For `use_container_width=True`, use `width='stretch'`. For `use_container_width=False`, use `width='content'`.
2026-04-19 14:56:43.248 Please replace `use_container_width` with `width`.

`use_container_width` will be removed after 2025-12-31.

For `use_container_width=True`, use `width='stretch'`. For `use_container_width=False`, use `width='content'`.
2026-04-19 14:56:43.249 Please replace `use_container_width` with `width`.

`use_container_width` will be removed after 2025-12-31.

For `use_container_width=True`, use `width='stretch'`. For `use_container_width=False`, use `width='content'`.
